2025-02-08 05:59:51.041 [info] Log level: Info
2025-02-08 05:59:51.057 [info] VSCODE_MACHINE_ID: b425f849-8524-4df4-b2fd-57b27d9cbb43
2025-02-08 05:59:51.057 [info] VSCODE_SESSION_ID: c8c3ce14-47c6-4a4d-a846-b12c4fb933141738994386042
2025-02-08 05:59:51.057 [info] VSCODE_VERSION: 1.96.3
2025-02-08 05:59:51.057 [info] VSCODE_APP_NAME: Gitpod Code
2025-02-08 05:59:51.057 [info] VSCODE_APP_HOST: Gitpod
2025-02-08 05:59:51.057 [info] VSCODE_UI_KIND: web
2025-02-08 05:59:51.057 [info] GITPOD_WORKSPACE_CONTEXT_URL: https://github.com/freeCodeCamp/learn-bash-and-sql-by-building-a-bike-rental-shop
2025-02-08 05:59:51.057 [info] GITPOD_INSTANCE_ID: 95bb180f-94ec-4e63-ac9d-7684d1a85c0f
2025-02-08 05:59:51.058 [info] GITPOD_WORKSPACE_URL: https://freecodecam-learnbashan-0c1r4obggsn.ws-us117.gitpod.io
2025-02-08 05:59:51.065 [info] Gitpod Web 3953e81
2025-02-08 05:59:51.065 [info] Reading sessions from keychain...
2025-02-08 05:59:51.308 [info] Getting sessions for all scopes...
2025-02-08 05:59:51.308 [info] Getting sessions for all scopes...
2025-02-08 05:59:51.308 [info] Getting GitHub sessions for all scopes...
2025-02-08 05:59:51.308 [info] Getting sessions for function:accessCodeSyncStorage...
2025-02-08 05:59:51.308 [info] Got stored sessions!
2025-02-08 05:59:51.308 [info] Verified session with the following scopes: function:accessCodeSyncStorage function:closePort function:controlAdmission function:deleteEnvVar function:generateNewGitpodToken function:getDefaultWorkspaceImage function:getGitpodTokenScopes function:getIDToken function:getLoggedInUser function:getOpenPorts function:getSupportedWorkspaceClasses function:getTeams function:getToken function:getWorkspace function:getWorkspaceEnvVars function:getWorkspaceOwner function:getWorkspaceTimeout function:getWorkspaceUsers function:guessGitTokenScopes function:isWorkspaceOwner function:openPort function:sendHeartBeat function:setEnvVar function:setWorkspaceTimeout function:stopWorkspace function:takeSnapshot function:trackEvent function:updateGitStatus function:waitForSnapshot resource:contentBlob::*::create/get resource:envVar::*/**::update resource:envVar::*/*::update resource:envVar::freeCodeCamp/learn-bash-and-sql-by-building-a-bike-rental-shop::create/get/update/delete resource:gitpodToken::*::create resource:snapshot::ws-freecodecam-learnbashan-0c1r4obggsn::create resource:token::*::get resource:userStorage::*::create/get/update resource:workspace::freecodecam-learnbashan-0c1r4obggsn::get/update resource:workspaceInstance::95bb180f-94ec-4e63-ac9d-7684d1a85c0f::get/update/delete
2025-02-08 05:59:51.308 [info] Got 1 verified sessions.
2025-02-08 05:59:51.308 [info] Got 1 sessions for all scopes...
2025-02-08 05:59:51.308 [info] Got 1 sessions for all scopes...
2025-02-08 05:59:51.308 [info] Got 1 sessions for function:accessCodeSyncStorage...
2025-02-08 05:59:51.424 [info] Got 1 GitHub sessions for all scopes...
2025-02-08 05:59:51.627 [info] Getting GitHub sessions for all scopes...
2025-02-08 05:59:51.627 [info] Getting sessions for all scopes...
2025-02-08 05:59:51.627 [info] Got 1 GitHub sessions for all scopes...
2025-02-08 05:59:51.627 [info] Got 1 sessions for all scopes...
2025-02-08 05:59:51.662 [info] Getting GitHub sessions for all scopes...
2025-02-08 05:59:51.662 [info] Got 1 GitHub sessions for all scopes...
2025-02-08 05:59:52.583 [info] Getting GitHub sessions for read:user,repo,user:email,workflow...
2025-02-08 05:59:52.583 [info] Got 1 GitHub sessions for read:user,repo,user:email,workflow...
2025-02-08 05:59:53.329 [info] Getting GitHub sessions for project,read:org,read:user,repo,user:email,workflow...
2025-02-08 05:59:53.329 [info] Got 0 GitHub sessions for project,read:org,read:user,repo,user:email,workflow...
2025-02-08 05:59:53.919 [info] Getting GitHub sessions for read:user,repo,user:email,workflow...
2025-02-08 05:59:53.919 [info] Got 1 GitHub sessions for read:user,repo,user:email,workflow...
